-------------------------------------------------------------------------------
Test set: m1info.mif18.orm.ConfigurationTest
-------------------------------------------------------------------------------
Tests run: 1, Failures: 0, Errors: 1, Skipped: 0, Time elapsed: 0.873 sec <<< FAILURE!
testEntityManager(m1info.mif18.orm.ConfigurationTest)  Time elapsed: 0.857 sec  <<< ERROR!
javax.persistence.PersistenceException: [PersistenceUnit: pu] Unable to build EntityManagerFactory
	at org.hibernate.ejb.Ejb3Configuration.buildEntityManagerFactory(Ejb3Configuration.java:677)
	at org.hibernate.ejb.HibernatePersistence.createEntityManagerFactory(HibernatePersistence.java:126)
	at javax.persistence.Persistence.createEntityManagerFactory(Persistence.java:83)
	at javax.persistence.Persistence.createEntityManagerFactory(Persistence.java:60)
	at m1info.mif18.orm.ConfigurationTest.testEntityManager(ConfigurationTest.java:13)
Caused by: org.hibernate.HibernateException: JDBC Driver class not found: oracle.jdbc.driver.OracleDriver
	at org.hibernate.connection.DriverManagerConnectionProvider.configure(DriverManagerConnectionProvider.java:89)
	at org.hibernate.connection.ConnectionProviderFactory.newConnectionProvider(ConnectionProviderFactory.java:137)
	at org.hibernate.ejb.InjectionSettingsFactory.createConnectionProvider(InjectionSettingsFactory.java:29)
	at org.hibernate.cfg.SettingsFactory.buildSettings(SettingsFactory.java:89)
	at org.hibernate.cfg.Configuration.buildSettings(Configuration.java:2101)
	at org.hibernate.cfg.Configuration.buildSessionFactory(Configuration.java:1325)
	at org.hibernate.cfg.AnnotationConfiguration.buildSessionFactory(AnnotationConfiguration.java:867)
	at org.hibernate.ejb.Ejb3Configuration.buildEntityManagerFactory(Ejb3Configuration.java:669)
	... 30 more
Caused by: java.lang.ClassNotFoundException: oracle.jdbc.driver.OracleDriver
	at java.net.URLClassLoader$1.run(URLClassLoader.java:202)
	at java.security.AccessController.doPrivileged(Native Method)
	at java.net.URLClassLoader.findClass(URLClassLoader.java:190)
	at java.lang.ClassLoader.loadClass(ClassLoader.java:307)
	at sun.misc.Launcher$AppClassLoader.loadClass(Launcher.java:301)
	at java.lang.ClassLoader.loadClass(ClassLoader.java:248)
	at java.lang.Class.forName0(Native Method)
	at java.lang.Class.forName(Class.java:169)
	at org.hibernate.util.ReflectHelper.classForName(ReflectHelper.java:123)
	at org.hibernate.connection.DriverManagerConnectionProvider.configure(DriverManagerConnectionProvider.java:84)
	... 37 more

